03-changing-activities-menus-and-lists/04-exercise/app/build/intermediates/manifest_merge_blame_file/debug/manifest-merger-blame-debug-report.txt
1<?xml version="1.0" encoding="utf-8"?>
2<manifest xmlns:android="http://schemas.android.com/apk/res/android"
3    package="com.example.a05_exercise"
4    android:versionCode="1"
5    android:versionName="1.0" >
6
7    <uses-sdk
8        android:minSdkVersion="24"
8-->src\main\AndroidManifest.xml
9        android:targetSdkVersion="32" />
9-->src\main\AndroidManifest.xml
10
11    <application
11-->src\main\AndroidManifest.xml:5:5-38:19
12        android:allowBackup="true"
12-->src\main\AndroidManifest.xml:6:9-35
13        android:appComponentFactory="androidx.core.app.CoreComponentFactory"
13-->[androidx.core:core:1.8.0] AndroidManifest.xml:24:18-86
14        android:dataExtractionRules="@xml/data_extraction_rules"
14-->src\main\AndroidManifest.xml:7:9-65
15        android:debuggable="true"
16        android:extractNativeLibs="false"
17        android:fullBackupContent="@xml/backup_rules"
17-->src\main\AndroidManifest.xml:8:9-54
18        android:icon="@mipmap/ic_launcher"
18-->src\main\AndroidManifest.xml:9:9-43
19        android:label="@string/app_name"
19-->src\main\AndroidManifest.xml:10:9-41
20        android:roundIcon="@mipmap/ic_launcher_round"
20-->src\main\AndroidManifest.xml:11:9-54
21        android:supportsRtl="true"
21-->src\main\AndroidManifest.xml:12:9-35
22        android:testOnly="true"
23        android:theme="@style/Theme.05exercise" >
23-->src\main\AndroidManifest.xml:13:9-48
24        <activity
24-->src\main\AndroidManifest.xml:15:9-21:20
25            android:name="com.example.a05_exercise.MainActivity3"
25-->src\main\AndroidManifest.xml:16:13-42
26            android:exported="false" >
26-->src\main\AndroidManifest.xml:17:13-37
27            <meta-data
27-->src\main\AndroidManifest.xml:18:13-20:36
28                android:name="android.app.lib_name"
28-->src\main\AndroidManifest.xml:19:17-52
29                android:value="" />
29-->src\main\AndroidManifest.xml:20:17-33
30        </activity>
31        <activity
31-->src\main\AndroidManifest.xml:22:9-28:20
32            android:name="com.example.a05_exercise.MainActivity2"
32-->src\main\AndroidManifest.xml:23:13-42
33            android:exported="false" >
33-->src\main\AndroidManifest.xml:24:13-37
34            <meta-data
34-->src\main\AndroidManifest.xml:18:13-20:36
35                android:name="android.app.lib_name"
35-->src\main\AndroidManifest.xml:19:17-52
36                android:value="" />
36-->src\main\AndroidManifest.xml:20:17-33
37        </activity>
38        <activity
38-->src\main\AndroidManifest.xml:29:9-37:20
39            android:name="com.example.a05_exercise.MainActivity"
39-->src\main\AndroidManifest.xml:30:13-41
40            android:exported="true" >
40-->src\main\AndroidManifest.xml:31:13-36
41            <intent-filter>
41-->src\main\AndroidManifest.xml:32:13-36:29
42                <action android:name="android.intent.action.MAIN" />
42-->src\main\AndroidManifest.xml:33:17-69
42-->src\main\AndroidManifest.xml:33:25-66
43
44                <category android:name="android.intent.category.LAUNCHER" />
44-->src\main\AndroidManifest.xml:35:17-77
44-->src\main\AndroidManifest.xml:35:27-74
45            </intent-filter>
46        </activity>
47
48        <provider
48-->[androidx.emoji2:emoji2:1.2.0] AndroidManifest.xml:24:9-32:20
49            android:name="androidx.startup.InitializationProvider"
49-->[androidx.emoji2:emoji2:1.2.0] AndroidManifest.xml:25:13-67
50            android:authorities="com.example.a05_exercise.androidx-startup"
50-->[androidx.emoji2:emoji2:1.2.0] AndroidManifest.xml:26:13-68
51            android:exported="false" >
51-->[androidx.emoji2:emoji2:1.2.0] AndroidManifest.xml:27:13-37
52            <meta-data
52-->[androidx.emoji2:emoji2:1.2.0] AndroidManifest.xml:29:13-31:52
53                android:name="androidx.emoji2.text.EmojiCompatInitializer"
53-->[androidx.emoji2:emoji2:1.2.0] AndroidManifest.xml:30:17-75
54                android:value="androidx.startup" />
54-->[androidx.emoji2:emoji2:1.2.0] AndroidManifest.xml:31:17-49
55            <meta-data
55-->[androidx.lifecycle:lifecycle-process:2.4.1] AndroidManifest.xml:31:13-33:52
56                android:name="androidx.lifecycle.ProcessLifecycleInitializer"
56-->[androidx.lifecycle:lifecycle-process:2.4.1] AndroidManifest.xml:32:17-78
57                android:value="androidx.startup" />
57-->[androidx.lifecycle:lifecycle-process:2.4.1] AndroidManifest.xml:33:17-49
58        </provider>
59    </application>
60
61</manifest>